app/build/intermediates/manifest_merge_blame_file/debug/manifest-merger-blame-debug-report.txt
1<?xml version="1.0" encoding="utf-8"?>
2<manifest xmlns:android="http://schemas.android.com/apk/res/android"
3    package="com.pantry"
4    android:versionCode="1"
5    android:versionName="1.0" >
6
7    <uses-sdk
8        android:minSdkVersion="23"
8-->src/main/AndroidManifest.xml
9        android:targetSdkVersion="33" />
9-->src/main/AndroidManifest.xml
10
11    <uses-permission android:name="android.permission.INTERNET" />
11-->src/main/AndroidManifest.xml:5:5-67
11-->src/main/AndroidManifest.xml:5:22-64
12
13    <queries>
13-->src/main/AndroidManifest.xml:7:5-11:15
14        <intent>
14-->src/main/AndroidManifest.xml:8:9-10:18
15            <action android:name="android.media.action.IMAGE_CAPTURE" />
15-->src/main/AndroidManifest.xml:9:13-73
15-->src/main/AndroidManifest.xml:9:21-70
16        </intent>
17    </queries>
18
19    <uses-permission android:name="android.permission.WRITE_EXTERNAL_STORAGE" />
20    <uses-permission android:name="android.permission.READ_PHONE_STATE" />
21    <uses-permission android:name="android.permission.READ_EXTERNAL_STORAGE" />
22
23    <application
23-->src/main/AndroidManifest.xml:13:5-65:19
24        android:allowBackup="true"
24-->src/main/AndroidManifest.xml:14:9-35
25        android:appComponentFactory="androidx.core.app.CoreComponentFactory"
25-->[androidx.core:core:1.3.2] AndroidManifest.xml:24:18-86
26        android:debuggable="true"
27        android:extractNativeLibs="false"
28        android:icon="@drawable/white"
28-->src/main/AndroidManifest.xml:15:9-39
29        android:label="@string/app_name"
29-->src/main/AndroidManifest.xml:16:9-41
30        android:roundIcon="@drawable/white"
30-->src/main/AndroidManifest.xml:17:9-44
31        android:supportsRtl="true"
31-->src/main/AndroidManifest.xml:19:9-35
32        android:testOnly="true"
33        android:theme="@style/Theme.Pantry"
33-->src/main/AndroidManifest.xml:20:9-44
34        android:usesCleartextTraffic="true" >
34-->src/main/AndroidManifest.xml:18:9-44
35        <activity
35-->src/main/AndroidManifest.xml:21:9-24:46
36            android:name="com.pantry.WebActivity"
36-->src/main/AndroidManifest.xml:22:13-50
37            android:exported="true"
37-->src/main/AndroidManifest.xml:23:13-36
38            android:theme="@style/WebTheme" />
38-->src/main/AndroidManifest.xml:24:13-44
39        <activity
39-->src/main/AndroidManifest.xml:25:9-28:49
40            android:name="com.pantry.AboutActivity"
40-->src/main/AndroidManifest.xml:26:13-52
41            android:exported="true"
41-->src/main/AndroidManifest.xml:27:13-36
42            android:theme="@style/AboutTheme" />
42-->src/main/AndroidManifest.xml:28:13-46
43        <activity
43-->src/main/AndroidManifest.xml:29:9-32:48
44            android:name="com.pantry.InfoActivity"
44-->src/main/AndroidManifest.xml:30:13-51
45            android:exported="true"
45-->src/main/AndroidManifest.xml:31:13-36
46            android:theme="@style/InfoTheme" />
46-->src/main/AndroidManifest.xml:32:13-45
47        <activity
47-->src/main/AndroidManifest.xml:33:9-36:49
48            android:name="com.pantry.BeginActivity"
48-->src/main/AndroidManifest.xml:34:13-52
49            android:exported="true"
49-->src/main/AndroidManifest.xml:35:13-36
50            android:theme="@style/BeginTheme" />
50-->src/main/AndroidManifest.xml:36:13-46
51        <activity
51-->src/main/AndroidManifest.xml:37:9-40:49
52            android:name="com.pantry.CheckActivity"
52-->src/main/AndroidManifest.xml:38:13-52
53            android:exported="true"
53-->src/main/AndroidManifest.xml:39:13-36
54            android:theme="@style/CheckTheme" />
54-->src/main/AndroidManifest.xml:40:13-46
55        <activity
55-->src/main/AndroidManifest.xml:41:9-44:48
56            android:name="com.pantry.HomeActivity"
56-->src/main/AndroidManifest.xml:42:13-51
57            android:exported="true"
57-->src/main/AndroidManifest.xml:43:13-36
58            android:theme="@style/HomeTheme" />
58-->src/main/AndroidManifest.xml:44:13-45
59        <activity
59-->src/main/AndroidManifest.xml:45:9-54:20
60            android:name="com.pantry.SplashActivity"
60-->src/main/AndroidManifest.xml:46:13-53
61            android:exported="true"
61-->src/main/AndroidManifest.xml:47:13-36
62            android:theme="@style/SplashTheme" >
62-->src/main/AndroidManifest.xml:48:13-47
63            <intent-filter>
63-->src/main/AndroidManifest.xml:49:13-53:29
64                <action android:name="android.intent.action.MAIN" />
64-->src/main/AndroidManifest.xml:50:17-69
64-->src/main/AndroidManifest.xml:50:25-66
65
66                <category android:name="android.intent.category.LAUNCHER" />
66-->src/main/AndroidManifest.xml:52:17-77
66-->src/main/AndroidManifest.xml:52:27-74
67            </intent-filter>
68        </activity>
69
70        <provider
70-->src/main/AndroidManifest.xml:56:9-64:20
71            android:name="androidx.core.content.FileProvider"
71-->src/main/AndroidManifest.xml:57:13-62
72            android:authorities="com.pantry"
72-->src/main/AndroidManifest.xml:58:13-45
73            android:exported="false"
73-->src/main/AndroidManifest.xml:59:13-37
74            android:grantUriPermissions="true" >
74-->src/main/AndroidManifest.xml:60:13-47
75            <meta-data
75-->src/main/AndroidManifest.xml:61:13-63:54
76                android:name="android.support.FILE_PROVIDER_PATHS"
76-->src/main/AndroidManifest.xml:62:17-67
77                android:resource="@xml/file_paths" />
77-->src/main/AndroidManifest.xml:63:17-51
78        </provider>
79    </application>
80
81</manifest>